<?xml version="1.0" encoding="UTF-8"?>
<coverage generated="1721660711455" clover="3.2.0">
  <project timestamp="1721660711455" name="All files">
    <metrics statements="21" coveredstatements="21" conditionals="11" coveredconditionals="11" methods="3" coveredmethods="3" elements="35" coveredelements="35" complexity="0" loc="21" ncloc="21" packages="1" files="1" classes="1"/>
    <file name="Character.js" path="C:\Users\kolmy\OneDrive\Рабочий стол\metody\src\Character.js">
      <metrics statements="21" coveredstatements="21" conditionals="11" coveredconditionals="11" methods="3" coveredmethods="3"/>
      <line num="3" count="16" type="stmt"/>
      <line num="4" count="16" type="cond" truecount="5" falsecount="0"/>
      <line num="5" count="6" type="stmt"/>
      <line num="7" count="10" type="cond" truecount="2" falsecount="0"/>
      <line num="8" count="5" type="stmt"/>
      <line num="11" count="5" type="stmt"/>
      <line num="12" count="5" type="stmt"/>
      <line num="13" count="5" type="stmt"/>
      <line num="14" count="5" type="stmt"/>
      <line num="16" count="5" type="stmt"/>
      <line num="25" count="5" type="stmt"/>
      <line num="26" count="5" type="stmt"/>
      <line num="30" count="2" type="cond" truecount="2" falsecount="0"/>
      <line num="31" count="1" type="stmt"/>
      <line num="33" count="1" type="stmt"/>
      <line num="34" count="1" type="stmt"/>
      <line num="35" count="1" type="stmt"/>
      <line num="36" count="1" type="stmt"/>
      <line num="40" count="2" type="stmt"/>
      <line num="41" count="2" type="cond" truecount="2" falsecount="0"/>
      <line num="42" count="1" type="stmt"/>
    </file>
  </project>
</coverage>
