{"C:\\Users\\kolmy\\OneDrive\\Рабочий стол\\metody\\src\\Character.js": {"path":"C:\\Users\\kolmy\\OneDrive\\Рабочий стол\\metody\\src\\Character.js","statementMap":{"0":{"start":{"line":3,"column":20},"end":{"line":3,"column":85}},"1":{"start":{"line":4,"column":6},"end":{"line":6,"column":7}},"2":{"start":{"line":5,"column":8},"end":{"line":5,"column":89}},"3":{"start":{"line":7,"column":6},"end":{"line":9,"column":7}},"4":{"start":{"line":8,"column":8},"end":{"line":8,"column":114}},"5":{"start":{"line":11,"column":6},"end":{"line":11,"column":23}},"6":{"start":{"line":12,"column":6},"end":{"line":12,"column":23}},"7":{"start":{"line":13,"column":6},"end":{"line":13,"column":24}},"8":{"start":{"line":14,"column":6},"end":{"line":14,"column":21}},"9":{"start":{"line":16,"column":20},"end":{"line":23,"column":7}},"10":{"start":{"line":25,"column":6},"end":{"line":25,"column":39}},"11":{"start":{"line":26,"column":6},"end":{"line":26,"column":41}},"12":{"start":{"line":30,"column":6},"end":{"line":32,"column":7}},"13":{"start":{"line":31,"column":8},"end":{"line":31,"column":60}},"14":{"start":{"line":33,"column":6},"end":{"line":33,"column":22}},"15":{"start":{"line":34,"column":6},"end":{"line":34,"column":38}},"16":{"start":{"line":35,"column":6},"end":{"line":35,"column":40}},"17":{"start":{"line":36,"column":6},"end":{"line":36,"column":24}},"18":{"start":{"line":40,"column":6},"end":{"line":40,"column":55}},"19":{"start":{"line":41,"column":6},"end":{"line":43,"column":7}},"20":{"start":{"line":42,"column":8},"end":{"line":42,"column":24}}},"fnMap":{"0":{"name":"(anonymous_0)","decl":{"start":{"line":2,"column":4},"end":{"line":2,"column":5}},"loc":{"start":{"line":2,"column":28},"end":{"line":27,"column":5}},"line":2},"1":{"name":"(anonymous_1)","decl":{"start":{"line":29,"column":4},"end":{"line":29,"column":5}},"loc":{"start":{"line":29,"column":14},"end":{"line":37,"column":5}},"line":29},"2":{"name":"(anonymous_2)","decl":{"start":{"line":39,"column":4},"end":{"line":39,"column":5}},"loc":{"start":{"line":39,"column":19},"end":{"line":44,"column":5}},"line":39}},"branchMap":{"0":{"loc":{"start":{"line":4,"column":6},"end":{"line":6,"column":7}},"type":"if","locations":[{"start":{"line":4,"column":6},"end":{"line":6,"column":7}},{"start":{},"end":{}}],"line":4},"1":{"loc":{"start":{"line":4,"column":10},"end":{"line":4,"column":73}},"type":"binary-expr","locations":[{"start":{"line":4,"column":10},"end":{"line":4,"column":34}},{"start":{"line":4,"column":38},"end":{"line":4,"column":53}},{"start":{"line":4,"column":57},"end":{"line":4,"column":73}}],"line":4},"2":{"loc":{"start":{"line":7,"column":6},"end":{"line":9,"column":7}},"type":"if","locations":[{"start":{"line":7,"column":6},"end":{"line":9,"column":7}},{"start":{},"end":{}}],"line":7},"3":{"loc":{"start":{"line":30,"column":6},"end":{"line":32,"column":7}},"type":"if","locations":[{"start":{"line":30,"column":6},"end":{"line":32,"column":7}},{"start":{},"end":{}}],"line":30},"4":{"loc":{"start":{"line":41,"column":6},"end":{"line":43,"column":7}},"type":"if","locations":[{"start":{"line":41,"column":6},"end":{"line":43,"column":7}},{"start":{},"end":{}}],"line":41}},"s":{"0":16,"1":16,"2":6,"3":10,"4":5,"5":5,"6":5,"7":5,"8":5,"9":5,"10":5,"11":5,"12":2,"13":1,"14":1,"15":1,"16":1,"17":1,"18":2,"19":2,"20":1},"f":{"0":16,"1":2,"2":2},"b":{"0":[6,10],"1":[16,13,11],"2":[5,5],"3":[1,1],"4":[1,1]},"_coverageSchema":"1a1c01bbd47fc00a2c39e90264f33305004495a9","hash":"22bf18daa4f6fee6f5a9973b93121bc166f220d6"}
}
