TN:
SF:src\Character.js
FN:2,(anonymous_0)
FN:29,(anonymous_1)
FN:39,(anonymous_2)
FNF:3
FNH:3
FNDA:16,(anonymous_0)
FNDA:2,(anonymous_1)
FNDA:2,(anonymous_2)
DA:3,16
DA:4,16
DA:5,6
DA:7,10
DA:8,5
DA:11,5
DA:12,5
DA:13,5
DA:14,5
DA:16,5
DA:25,5
DA:26,5
DA:30,2
DA:31,1
DA:33,1
DA:34,1
DA:35,1
DA:36,1
DA:40,2
DA:41,2
DA:42,1
LF:21
LH:21
BRDA:4,0,0,6
BRDA:4,0,1,10
BRDA:4,1,0,16
BRDA:4,1,1,13
BRDA:4,1,2,11
BRDA:7,2,0,5
BRDA:7,2,1,5
BRDA:30,3,0,1
BRDA:30,3,1,1
BRDA:41,4,0,1
BRDA:41,4,1,1
BRF:11
BRH:11
end_of_record
