TN:
SF:src\js\class\Bowerman.js
FN:4,(anonymous_0)
FNF:1
FNH:1
FNDA:1,(anonymous_0)
DA:5,1
DA:6,1
DA:7,1
LF:3
LH:3
BRDA:4,0,0,1
BRF:1
BRH:1
end_of_record
TN:
SF:src\js\class\Character.js
FN:2,(anonymous_0)
FN:23,(anonymous_1)
FN:33,(anonymous_2)
FNF:3
FNH:3
FNDA:14,(anonymous_0)
FNDA:2,(anonymous_1)
FNDA:2,(anonymous_2)
DA:3,14
DA:5,14
DA:6,2
DA:8,12
DA:11,12
DA:12,1
DA:14,11
DA:17,11
DA:18,11
DA:19,11
DA:20,11
DA:24,2
DA:25,1
DA:27,1
DA:28,1
DA:29,1
DA:30,1
DA:34,2
DA:35,2
DA:36,1
LF:20
LH:20
BRDA:5,0,0,2
BRDA:5,0,1,12
BRDA:5,1,0,14
BRDA:5,1,1,13
BRDA:11,2,0,1
BRDA:11,2,1,11
BRDA:24,3,0,1
BRDA:24,3,1,1
BRDA:35,4,0,1
BRDA:35,4,1,1
BRF:10
BRH:10
end_of_record
TN:
SF:src\js\class\Daemon.js
FN:4,(anonymous_0)
FNF:1
FNH:1
FNDA:1,(anonymous_0)
DA:5,1
DA:6,1
DA:7,1
LF:3
LH:3
BRDA:4,0,0,1
BRF:1
BRH:1
end_of_record
TN:
SF:src\js\class\Magician.js
FN:4,(anonymous_0)
FNF:1
FNH:1
FNDA:1,(anonymous_0)
DA:5,1
DA:6,1
DA:7,1
LF:3
LH:3
BRDA:4,0,0,1
BRF:1
BRH:1
end_of_record
TN:
SF:src\js\class\Swordsman.js
FN:4,(anonymous_0)
FNF:1
FNH:1
FNDA:1,(anonymous_0)
DA:5,1
DA:6,1
DA:7,1
LF:3
LH:3
BRDA:4,0,0,1
BRF:1
BRH:1
end_of_record
TN:
SF:src\js\class\Undead.js
FN:4,(anonymous_0)
FNF:1
FNH:1
FNDA:1,(anonymous_0)
DA:5,1
DA:6,1
DA:7,1
LF:3
LH:3
BRDA:4,0,0,1
BRF:1
BRH:1
end_of_record
TN:
SF:src\js\class\Zombie.js
FN:4,(anonymous_0)
FNF:1
FNH:1
FNDA:1,(anonymous_0)
DA:5,1
DA:6,1
DA:7,1
LF:3
LH:3
BRDA:4,0,0,1
BRF:1
BRH:1
end_of_record
